app/build/intermediates/manifest_merge_blame_file/debug/manifest-merger-blame-debug-report.txt
1<?xml version="1.0" encoding="utf-8"?>
2<manifest xmlns:android="http://schemas.android.com/apk/res/android"
3    package="com.example.senior"
4    android:versionCode="1"
5    android:versionName="1.0" >
6
7    <uses-sdk
8        android:minSdkVersion="26"
9        android:targetSdkVersion="34" />
10
11    <uses-permission android:name="android.permission.INTERNET" />
11-->src\main\AndroidManifest.xml:5:5-66
11-->src\main\AndroidManifest.xml:5:22-64
12
13    <uses-feature
13-->src\main\AndroidManifest.xml:7:5-9:39
14        android:name="android.hardware.touchscreen"
14-->src\main\AndroidManifest.xml:8:13-56
15        android:required="false" />
15-->src\main\AndroidManifest.xml:9:13-37
16    <uses-feature
16-->src\main\AndroidManifest.xml:10:5-12:38
17        android:name="android.software.leanback"
17-->src\main\AndroidManifest.xml:11:13-53
18        android:required="true" />
18-->src\main\AndroidManifest.xml:12:13-36
19    <uses-feature android:name="android.hardware.camera.any" />
19-->src\main\AndroidManifest.xml:13:5-63
19-->src\main\AndroidManifest.xml:13:19-61
20
21    <uses-permission android:name="android.permission.ACCESS_FINE_LOCATION" />
21-->src\main\AndroidManifest.xml:14:5-79
21-->src\main\AndroidManifest.xml:14:22-76
22    <uses-permission android:name="android.permission.CAMERA" />
22-->src\main\AndroidManifest.xml:16:5-64
22-->src\main\AndroidManifest.xml:16:22-62
23    <uses-permission android:name="android.permission.RECORD_AUDIO" />
23-->src\main\AndroidManifest.xml:17:5-70
23-->src\main\AndroidManifest.xml:17:22-68
24    <uses-permission
24-->src\main\AndroidManifest.xml:18:5-20:41
25        android:name="android.permission.WRITE_EXTERNAL_STORAGE"
25-->src\main\AndroidManifest.xml:19:13-69
26        android:maxSdkVersion="28" />
26-->src\main\AndroidManifest.xml:20:13-39
27
28    <permission
28-->[androidx.core:core:1.9.0] AndroidManifest.xml:22:5-24:47
29        android:name="com.example.senior.DYNAMIC_RECEIVER_NOT_EXPORTED_PERMISSION"
29-->[androidx.core:core:1.9.0] AndroidManifest.xml:23:9-81
30        android:protectionLevel="signature" />
30-->[androidx.core:core:1.9.0] AndroidManifest.xml:24:9-44
31
32    <uses-permission android:name="com.example.senior.DYNAMIC_RECEIVER_NOT_EXPORTED_PERMISSION" />
32-->[androidx.core:core:1.9.0] AndroidManifest.xml:26:5-97
32-->[androidx.core:core:1.9.0] AndroidManifest.xml:26:22-94
33
34    <application
34-->src\main\AndroidManifest.xml:22:5-64:19
35        android:allowBackup="true"
35-->src\main\AndroidManifest.xml:24:13-39
36        android:appComponentFactory="androidx.core.app.CoreComponentFactory"
36-->[androidx.core:core:1.9.0] AndroidManifest.xml:28:18-86
37        android:dataExtractionRules="@xml/data_extraction_rules"
37-->src\main\AndroidManifest.xml:25:13-69
38        android:debuggable="true"
39        android:extractNativeLibs="false"
40        android:fullBackupContent="@xml/backup_rules"
40-->src\main\AndroidManifest.xml:26:13-58
41        android:icon="@mipmap/ic_launcher"
41-->src\main\AndroidManifest.xml:27:13-47
42        android:label="@string/app_name"
42-->src\main\AndroidManifest.xml:28:13-45
43        android:roundIcon="@mipmap/ic_launcher_round"
43-->src\main\AndroidManifest.xml:29:13-58
44        android:supportsRtl="true"
44-->src\main\AndroidManifest.xml:30:13-39
45        android:testOnly="true"
46        android:theme="@style/Theme.Senior"
46-->src\main\AndroidManifest.xml:31:13-48
47        android:usesCleartextTraffic="true" >
47-->src\main\AndroidManifest.xml:23:13-48
48        <activity
48-->src\main\AndroidManifest.xml:33:9-37:54
49            android:name="com.example.senior.Options_activity"
49-->src\main\AndroidManifest.xml:34:17-49
50            android:exported="false"
50-->src\main\AndroidManifest.xml:35:17-41
51            android:label="@string/title_activity_options"
51-->src\main\AndroidManifest.xml:36:17-63
52            android:theme="@style/Theme.Senior" />
52-->src\main\AndroidManifest.xml:37:17-52
53        <activity
53-->src\main\AndroidManifest.xml:38:9-42:54
54            android:name="com.example.senior.MainMenu"
54-->src\main\AndroidManifest.xml:39:17-41
55            android:exported="false"
55-->src\main\AndroidManifest.xml:40:17-41
56            android:label="@string/title_activity_main_menu"
56-->src\main\AndroidManifest.xml:41:17-65
57            android:theme="@style/Theme.Senior" />
57-->src\main\AndroidManifest.xml:42:17-52
58        <activity
58-->src\main\AndroidManifest.xml:43:9-47:54
59            android:name="com.example.senior.Search_activity"
59-->src\main\AndroidManifest.xml:44:17-48
60            android:exported="false"
60-->src\main\AndroidManifest.xml:45:17-41
61            android:label="@string/title_activity_search"
61-->src\main\AndroidManifest.xml:46:17-62
62            android:theme="@style/Theme.Senior" />
62-->src\main\AndroidManifest.xml:47:17-52
63        <activity
63-->src\main\AndroidManifest.xml:48:9-52:54
64            android:name="com.example.senior.MoreInfo"
64-->src\main\AndroidManifest.xml:49:17-41
65            android:exported="false"
65-->src\main\AndroidManifest.xml:50:17-41
66            android:label="@string/title_activity_more_info"
66-->src\main\AndroidManifest.xml:51:17-65
67            android:theme="@style/Theme.Senior" />
67-->src\main\AndroidManifest.xml:52:17-52
68        <activity
68-->src\main\AndroidManifest.xml:53:9-63:20
69            android:name="com.example.senior.MainActivity"
69-->src\main\AndroidManifest.xml:54:17-45
70            android:exported="true"
70-->src\main\AndroidManifest.xml:55:17-40
71            android:label="@string/app_name"
71-->src\main\AndroidManifest.xml:56:17-49
72            android:theme="@style/Theme.Senior" >
72-->src\main\AndroidManifest.xml:57:17-52
73            <intent-filter>
73-->src\main\AndroidManifest.xml:58:13-62:29
74                <action android:name="android.intent.action.MAIN" />
74-->src\main\AndroidManifest.xml:59:17-68
74-->src\main\AndroidManifest.xml:59:25-66
75
76                <category android:name="android.intent.category.LAUNCHER" />
76-->src\main\AndroidManifest.xml:61:17-76
76-->src\main\AndroidManifest.xml:61:27-74
77            </intent-filter>
78        </activity>
79
80        <service
80-->[androidx.camera:camera-camera2:1.4.0-alpha02] AndroidManifest.xml:24:9-33:19
81            android:name="androidx.camera.core.impl.MetadataHolderService"
81-->[androidx.camera:camera-camera2:1.4.0-alpha02] AndroidManifest.xml:25:13-75
82            android:enabled="false"
82-->[androidx.camera:camera-camera2:1.4.0-alpha02] AndroidManifest.xml:26:13-36
83            android:exported="false" >
83-->[androidx.camera:camera-camera2:1.4.0-alpha02] AndroidManifest.xml:27:13-37
84            <meta-data
84-->[androidx.camera:camera-camera2:1.4.0-alpha02] AndroidManifest.xml:30:13-32:89
85                android:name="androidx.camera.core.impl.MetadataHolderService.DEFAULT_CONFIG_PROVIDER"
85-->[androidx.camera:camera-camera2:1.4.0-alpha02] AndroidManifest.xml:31:17-103
86                android:value="androidx.camera.camera2.Camera2Config$DefaultProvider" />
86-->[androidx.camera:camera-camera2:1.4.0-alpha02] AndroidManifest.xml:32:17-86
87        </service>
88
89        <provider
89-->[androidx.emoji2:emoji2:1.2.0] AndroidManifest.xml:24:9-32:20
90            android:name="androidx.startup.InitializationProvider"
90-->[androidx.emoji2:emoji2:1.2.0] AndroidManifest.xml:25:13-67
91            android:authorities="com.example.senior.androidx-startup"
91-->[androidx.emoji2:emoji2:1.2.0] AndroidManifest.xml:26:13-68
92            android:exported="false" >
92-->[androidx.emoji2:emoji2:1.2.0] AndroidManifest.xml:27:13-37
93            <meta-data
93-->[androidx.emoji2:emoji2:1.2.0] AndroidManifest.xml:29:13-31:52
94                android:name="androidx.emoji2.text.EmojiCompatInitializer"
94-->[androidx.emoji2:emoji2:1.2.0] AndroidManifest.xml:30:17-75
95                android:value="androidx.startup" />
95-->[androidx.emoji2:emoji2:1.2.0] AndroidManifest.xml:31:17-49
96            <meta-data
96-->[androidx.lifecycle:lifecycle-process:2.6.2] AndroidManifest.xml:29:13-31:52
97                android:name="androidx.lifecycle.ProcessLifecycleInitializer"
97-->[androidx.lifecycle:lifecycle-process:2.6.2] AndroidManifest.xml:30:17-78
98                android:value="androidx.startup" />
98-->[androidx.lifecycle:lifecycle-process:2.6.2] AndroidManifest.xml:31:17-49
99            <meta-data
99-->[androidx.profileinstaller:profileinstaller:1.3.0] AndroidManifest.xml:29:13-31:52
100                android:name="androidx.profileinstaller.ProfileInstallerInitializer"
100-->[androidx.profileinstaller:profileinstaller:1.3.0] AndroidManifest.xml:30:17-85
101                android:value="androidx.startup" />
101-->[androidx.profileinstaller:profileinstaller:1.3.0] AndroidManifest.xml:31:17-49
102        </provider>
103
104        <activity
104-->[com.google.android.gms:play-services-base:18.1.0] AndroidManifest.xml:20:9-22:45
105            android:name="com.google.android.gms.common.api.GoogleApiActivity"
105-->[com.google.android.gms:play-services-base:18.1.0] AndroidManifest.xml:20:19-85
106            android:exported="false"
106-->[com.google.android.gms:play-services-base:18.1.0] AndroidManifest.xml:22:19-43
107            android:theme="@android:style/Theme.Translucent.NoTitleBar" />
107-->[com.google.android.gms:play-services-base:18.1.0] AndroidManifest.xml:21:19-78
108
109        <meta-data
109-->[com.google.android.gms:play-services-basement:18.1.0] AndroidManifest.xml:21:9-23:69
110            android:name="com.google.android.gms.version"
110-->[com.google.android.gms:play-services-basement:18.1.0] AndroidManifest.xml:22:13-58
111            android:value="@integer/google_play_services_version" />
111-->[com.google.android.gms:play-services-basement:18.1.0] AndroidManifest.xml:23:13-66
112
113        <uses-library
113-->[androidx.window:window:1.0.0] AndroidManifest.xml:25:9-27:40
114            android:name="androidx.window.extensions"
114-->[androidx.window:window:1.0.0] AndroidManifest.xml:26:13-54
115            android:required="false" />
115-->[androidx.window:window:1.0.0] AndroidManifest.xml:27:13-37
116        <uses-library
116-->[androidx.window:window:1.0.0] AndroidManifest.xml:28:9-30:40
117            android:name="androidx.window.sidecar"
117-->[androidx.window:window:1.0.0] AndroidManifest.xml:29:13-51
118            android:required="false" />
118-->[androidx.window:window:1.0.0] AndroidManifest.xml:30:13-37
119
120        <receiver
120-->[androidx.profileinstaller:profileinstaller:1.3.0] AndroidManifest.xml:34:9-52:20
121            android:name="androidx.profileinstaller.ProfileInstallReceiver"
121-->[androidx.profileinstaller:profileinstaller:1.3.0] AndroidManifest.xml:35:13-76
122            android:directBootAware="false"
122-->[androidx.profileinstaller:profileinstaller:1.3.0] AndroidManifest.xml:36:13-44
123            android:enabled="true"
123-->[androidx.profileinstaller:profileinstaller:1.3.0] AndroidManifest.xml:37:13-35
124            android:exported="true"
124-->[androidx.profileinstaller:profileinstaller:1.3.0] AndroidManifest.xml:38:13-36
125            android:permission="android.permission.DUMP" >
125-->[androidx.profileinstaller:profileinstaller:1.3.0] AndroidManifest.xml:39:13-57
126            <intent-filter>
126-->[androidx.profileinstaller:profileinstaller:1.3.0] AndroidManifest.xml:40:13-42:29
127                <action android:name="androidx.profileinstaller.action.INSTALL_PROFILE" />
127-->[androidx.profileinstaller:profileinstaller:1.3.0] AndroidManifest.xml:41:17-91
127-->[androidx.profileinstaller:profileinstaller:1.3.0] AndroidManifest.xml:41:25-88
128            </intent-filter>
129            <intent-filter>
129-->[androidx.profileinstaller:profileinstaller:1.3.0] AndroidManifest.xml:43:13-45:29
130                <action android:name="androidx.profileinstaller.action.SKIP_FILE" />
130-->[androidx.profileinstaller:profileinstaller:1.3.0] AndroidManifest.xml:44:17-85
130-->[androidx.profileinstaller:profileinstaller:1.3.0] AndroidManifest.xml:44:25-82
131            </intent-filter>
132            <intent-filter>
132-->[androidx.profileinstaller:profileinstaller:1.3.0] AndroidManifest.xml:46:13-48:29
133                <action android:name="androidx.profileinstaller.action.SAVE_PROFILE" />
133-->[androidx.profileinstaller:profileinstaller:1.3.0] AndroidManifest.xml:47:17-88
133-->[androidx.profileinstaller:profileinstaller:1.3.0] AndroidManifest.xml:47:25-85
134            </intent-filter>
135            <intent-filter>
135-->[androidx.profileinstaller:profileinstaller:1.3.0] AndroidManifest.xml:49:13-51:29
136                <action android:name="androidx.profileinstaller.action.BENCHMARK_OPERATION" />
136-->[androidx.profileinstaller:profileinstaller:1.3.0] AndroidManifest.xml:50:17-95
136-->[androidx.profileinstaller:profileinstaller:1.3.0] AndroidManifest.xml:50:25-92
137            </intent-filter>
138        </receiver>
139    </application>
140
141</manifest>